<?xml version="1.0" encoding="UTF-8"?>
<testng-results skipped="0" failed="0" ignored="0" total="1" passed="1">
  <reporter-output>
  </reporter-output>
  <suite name="Default suite" duration-ms="4365" started-at="2023-02-22T17:20:53 CST" finished-at="2023-02-22T17:20:57 CST">
    <groups>
    </groups>
    <test name="Default test" duration-ms="4365" started-at="2023-02-22T17:20:53 CST" finished-at="2023-02-22T17:20:57 CST">
      <class name="tests.Month_DropDown_Test">
        <test-method status="PASS" signature="TestMonthDropDown()[pri:0, instance:tests.Month_DropDown_Test@4d95d2a2]" name="TestMonthDropDown" duration-ms="4306" started-at="2023-02-22T17:20:53 CST" finished-at="2023-02-22T17:20:57 CST">
          <reporter-output>
          </reporter-output>
        </test-method> <!-- TestMonthDropDown -->
      </class> <!-- tests.Month_DropDown_Test -->
    </test> <!-- Default test -->
  </suite> <!-- Default suite -->
</testng-results>
